{
  "stats": {
    "suites": 1,
    "tests": 1,
    "passes": 1,
    "pending": 0,
    "failures": 0,
    "start": "2021-10-04T17:22:30.111Z",
    "end": "2021-10-04T17:22:58.511Z",
    "duration": 28400,
    "testsRegistered": 1,
    "passPercent": 100,
    "pendingPercent": 0,
    "other": 0,
    "hasOther": false,
    "skipped": 0,
    "hasSkipped": false
  },
  "results": [
    {
      "uuid": "6a58f2e9-0bbc-4da0-993f-16ad398d4910",
      "title": "",
      "fullFile": "cypress/integration/mytests/dragdropfileUpload.test.js",
      "file": "cypress/integration/mytests/dragdropfileUpload.test.js",
      "beforeHooks": [],
      "afterHooks": [],
      "tests": [],
      "suites": [
        {
          "uuid": "3170995b-34a8-4ab6-b05b-07b2bef4c9bd",
          "title": "Drag and drop File Upload use cases",
          "fullFile": "",
          "file": "",
          "beforeHooks": [],
          "afterHooks": [],
          "tests": [
            {
              "title": "drag and drop file upload",
              "fullTitle": "Drag and drop File Upload use cases drag and drop file upload",
              "timedOut": null,
              "duration": 18274,
              "state": "passed",
              "speed": "slow",
              "pass": true,
              "fail": false,
              "pending": false,
              "context": null,
              "code": "cy.visit('https://css-tricks.com/examples/DragAndDropFileUploading/');\nconst yourFixturePath = 'image1.jpeg';\ncy.get('#file').attachFile(yourFixturePath);\ncy.get('.box__success').should('contain.text', 'Done!');",
              "err": {},
              "uuid": "632fece3-c297-43c4-a0e6-82e9360dc467",
              "parentUUID": "3170995b-34a8-4ab6-b05b-07b2bef4c9bd",
              "isHook": false,
              "skipped": false
            }
          ],
          "suites": [],
          "passes": [
            "632fece3-c297-43c4-a0e6-82e9360dc467"
          ],
          "failures": [],
          "pending": [],
          "skipped": [],
          "duration": 18274,
          "root": false,
          "rootEmpty": false,
          "_timeout": 2000
        }
      ],
      "passes": [],
      "failures": [],
      "pending": [],
      "skipped": [],
      "duration": 0,
      "root": true,
      "rootEmpty": true,
      "_timeout": 2000
    }
  ],
  "meta": {
    "mocha": {
      "version": "7.0.1"
    },
    "mochawesome": {
      "options": {
        "quiet": false,
        "reportFilename": "mochawesome",
        "saveHtml": false,
        "saveJson": true,
        "consoleReporter": "spec",
        "useInlineDiffs": false,
        "code": true
      },
      "version": "6.3.0"
    },
    "marge": {
      "options": {
        "id": "default",
        "reportDir": "cypress/reports/mochawesome",
        "quite": true,
        "overwrite": false,
        "html": false,
        "json": true
      },
      "version": "5.2.0"
    }
  }
}