{
  "stats": {
    "suites": 1,
    "tests": 1,
    "passes": 1,
    "pending": 0,
    "failures": 0,
    "start": "2021-10-04T17:20:53.446Z",
    "end": "2021-10-04T17:21:53.396Z",
    "duration": 59950,
    "testsRegistered": 1,
    "passPercent": 100,
    "pendingPercent": 0,
    "other": 0,
    "hasOther": false,
    "skipped": 0,
    "hasSkipped": false
  },
  "results": [
    {
      "uuid": "4ebe5bbb-1d34-4d29-baca-8e1c70357b0e",
      "title": "",
      "fullFile": "cypress/integration/mytests/crmproLogin.test.js",
      "file": "cypress/integration/mytests/crmproLogin.test.js",
      "beforeHooks": [],
      "afterHooks": [],
      "tests": [],
      "suites": [
        {
          "uuid": "bf29b85b-9acf-48c0-b5dc-58b066865293",
          "title": "CRMPro Login page feature tests",
          "fullFile": "",
          "file": "",
          "beforeHooks": [],
          "afterHooks": [],
          "tests": [
            {
              "title": "verify Login page with valid title",
              "fullTitle": "CRMPro Login page feature tests verify Login page with valid title",
              "timedOut": null,
              "duration": 45618,
              "state": "passed",
              "speed": "slow",
              "pass": true,
              "fail": false,
              "pending": false,
              "context": null,
              "code": "cy.visit(\"https://classic.freecrm.com/index.html\");\ncy.title().should('eq', 'Free CRM - CRM software for customer relationship management, sales, and support.');\ncy.get(\"input[name='username']\").type('nkrajash');\ncy.get(\"input[name='password']\").type('CRMPro@12345');\ncy.get(\"input[type='submit']\").click();\ncy.title().should('eq', 'CRMPRO');",
              "err": {},
              "uuid": "077d55c1-0844-491d-be91-ee5300c2fc0f",
              "parentUUID": "bf29b85b-9acf-48c0-b5dc-58b066865293",
              "isHook": false,
              "skipped": false
            }
          ],
          "suites": [],
          "passes": [
            "077d55c1-0844-491d-be91-ee5300c2fc0f"
          ],
          "failures": [],
          "pending": [],
          "skipped": [],
          "duration": 45618,
          "root": false,
          "rootEmpty": false,
          "_timeout": 2000
        }
      ],
      "passes": [],
      "failures": [],
      "pending": [],
      "skipped": [],
      "duration": 0,
      "root": true,
      "rootEmpty": true,
      "_timeout": 2000
    }
  ],
  "meta": {
    "mocha": {
      "version": "7.0.1"
    },
    "mochawesome": {
      "options": {
        "quiet": false,
        "reportFilename": "mochawesome",
        "saveHtml": false,
        "saveJson": true,
        "consoleReporter": "spec",
        "useInlineDiffs": false,
        "code": true
      },
      "version": "6.3.0"
    },
    "marge": {
      "options": {
        "id": "default",
        "reportDir": "cypress/reports/mochawesome",
        "quite": true,
        "overwrite": false,
        "html": false,
        "json": true
      },
      "version": "5.2.0"
    }
  }
}