{
  "stats": {
    "suites": 1,
    "tests": 2,
    "passes": 2,
    "pending": 0,
    "failures": 0,
    "start": "2021-10-04T17:28:00.717Z",
    "end": "2021-10-04T17:28:58.361Z",
    "duration": 57644,
    "testsRegistered": 2,
    "passPercent": 100,
    "pendingPercent": 0,
    "other": 0,
    "hasOther": false,
    "skipped": 0,
    "hasSkipped": false
  },
  "results": [
    {
      "uuid": "408cccb7-00f4-4209-a93d-7747d655bd0a",
      "title": "",
      "fullFile": "cypress/integration/mytests/element.test.js",
      "file": "cypress/integration/mytests/element.test.js",
      "beforeHooks": [],
      "afterHooks": [],
      "tests": [],
      "suites": [
        {
          "uuid": "bb28c35b-e735-43a9-92d1-47f34394e89d",
          "title": "Launch my freshworks app",
          "fullFile": "",
          "file": "",
          "beforeHooks": [],
          "afterHooks": [],
          "tests": [
            {
              "title": "app testing ",
              "fullTitle": "Launch my freshworks app app testing ",
              "timedOut": null,
              "duration": 31733,
              "state": "passed",
              "speed": "slow",
              "pass": true,
              "fail": false,
              "pending": false,
              "context": null,
              "code": "cy.visit(\"https://www.freshworks.com/\", {\n  failOnStatusCode: false\n}); //login to URL\n//Handle Service Unavailable\ncy.contains(\"Customers\");\ncy.contains(\"Customers\").click();\ncy.url().should('include', '/customers'); //chai Query asssertion",
              "err": {},
              "uuid": "ec92c6fd-c1de-4fc8-88b2-a6990eae3ee2",
              "parentUUID": "bb28c35b-e735-43a9-92d1-47f34394e89d",
              "isHook": false,
              "skipped": false
            },
            {
              "title": "app - element get testing ",
              "fullTitle": "Launch my freshworks app app - element get testing ",
              "timedOut": null,
              "duration": 14773,
              "state": "passed",
              "speed": "slow",
              "pass": true,
              "fail": false,
              "pending": false,
              "context": null,
              "code": "cy.visit(\"https://www.freshworks.com/\", {\n  failOnStatusCode: false\n}); //login to URL\ncy.get(\".col-md-6.mobile-center-desktop-left-align.pb-lg.banner-text-content.small-banner\").should(\"be.visible\").and(\"contain\", \"Delight\").and(\"have.length\", 1);\ncy.get(\".footer-nav > li\").should(\"have.length\", 25);\ncy.get(\".footer-nav > li\").find(\"a[href*='footer']\").should(\"have.length\", 5);",
              "err": {},
              "uuid": "4954ce2e-5759-45cc-bf17-f69daee0b176",
              "parentUUID": "bb28c35b-e735-43a9-92d1-47f34394e89d",
              "isHook": false,
              "skipped": false
            }
          ],
          "suites": [],
          "passes": [
            "ec92c6fd-c1de-4fc8-88b2-a6990eae3ee2",
            "4954ce2e-5759-45cc-bf17-f69daee0b176"
          ],
          "failures": [],
          "pending": [],
          "skipped": [],
          "duration": 46506,
          "root": false,
          "rootEmpty": false,
          "_timeout": 2000
        }
      ],
      "passes": [],
      "failures": [],
      "pending": [],
      "skipped": [],
      "duration": 0,
      "root": true,
      "rootEmpty": true,
      "_timeout": 2000
    }
  ],
  "meta": {
    "mocha": {
      "version": "7.0.1"
    },
    "mochawesome": {
      "options": {
        "quiet": false,
        "reportFilename": "mochawesome",
        "saveHtml": false,
        "saveJson": true,
        "consoleReporter": "spec",
        "useInlineDiffs": false,
        "code": true
      },
      "version": "6.3.0"
    },
    "marge": {
      "options": {
        "id": "default",
        "reportDir": "cypress/reports/mochawesome",
        "quite": true,
        "overwrite": false,
        "html": false,
        "json": true
      },
      "version": "5.2.0"
    }
  }
}