{
  "stats": {
    "suites": 1,
    "tests": 1,
    "passes": 1,
    "pending": 0,
    "failures": 0,
    "start": "2021-10-04T16:35:26.922Z",
    "end": "2021-10-04T16:36:04.990Z",
    "duration": 38068,
    "testsRegistered": 1,
    "passPercent": 100,
    "pendingPercent": 0,
    "other": 0,
    "hasOther": false,
    "skipped": 0,
    "hasSkipped": false
  },
  "results": [
    {
      "uuid": "d1249ac6-ec71-4460-8f42-a20b34f35241",
      "title": "",
      "fullFile": "cypress/integration/mytests/amazon-search.test.js",
      "file": "cypress/integration/mytests/amazon-search.test.js",
      "beforeHooks": [],
      "afterHooks": [],
      "tests": [],
      "suites": [
        {
          "uuid": "a46d90ef-df78-464b-89c3-3e41cadcbd77",
          "title": "Amazon Search test in Cypress",
          "fullFile": "",
          "file": "",
          "beforeHooks": [],
          "afterHooks": [],
          "tests": [
            {
              "title": "Search test on Amazon",
              "fullTitle": "Amazon Search test in Cypress Search test on Amazon",
              "timedOut": null,
              "duration": 26538,
              "state": "passed",
              "speed": "slow",
              "pass": true,
              "fail": false,
              "pending": false,
              "context": null,
              "code": "cy.visit(\"https://www.amazon.com\");\ncy.get(\".nav-search-field \").within(() => {\n  cy.get(\"#twotabsearchtextbox\").type(\"Apple Mac Book Laptop\");\n});\ncy.get(\"#nav-search-submit-button\").click();",
              "err": {},
              "uuid": "1c17a6e4-ca75-4a88-9623-0c201656dee2",
              "parentUUID": "a46d90ef-df78-464b-89c3-3e41cadcbd77",
              "isHook": false,
              "skipped": false
            }
          ],
          "suites": [],
          "passes": [
            "1c17a6e4-ca75-4a88-9623-0c201656dee2"
          ],
          "failures": [],
          "pending": [],
          "skipped": [],
          "duration": 26538,
          "root": false,
          "rootEmpty": false,
          "_timeout": 2000
        }
      ],
      "passes": [],
      "failures": [],
      "pending": [],
      "skipped": [],
      "duration": 0,
      "root": true,
      "rootEmpty": true,
      "_timeout": 2000
    }
  ],
  "meta": {
    "mocha": {
      "version": "7.0.1"
    },
    "mochawesome": {
      "options": {
        "quiet": false,
        "reportFilename": "mochawesome",
        "saveHtml": false,
        "saveJson": true,
        "consoleReporter": "spec",
        "useInlineDiffs": false,
        "code": true
      },
      "version": "6.3.0"
    },
    "marge": {
      "options": {
        "id": "default",
        "reportDir": "cypress/reports/mochawesome",
        "quite": true,
        "overwrite": false,
        "html": false,
        "json": true
      },
      "version": "5.2.0"
    }
  }
}