{
  "stats": {
    "suites": 1,
    "tests": 3,
    "passes": 1,
    "pending": 0,
    "failures": 2,
    "start": "2021-10-04T17:31:29.062Z",
    "end": "2021-10-04T17:33:24.484Z",
    "duration": 115422,
    "testsRegistered": 3,
    "passPercent": 33.33333333333333,
    "pendingPercent": 0,
    "other": 0,
    "hasOther": false,
    "skipped": 0,
    "hasSkipped": false
  },
  "results": [
    {
      "uuid": "820e0cac-13e6-4fe0-a1b3-33a36b246704",
      "title": "",
      "fullFile": "cypress/integration/mytests/mouse_over.test.js",
      "file": "cypress/integration/mytests/mouse_over.test.js",
      "beforeHooks": [],
      "afterHooks": [],
      "tests": [],
      "suites": [
        {
          "uuid": "8c7365b6-41c7-4075-a66f-934bbe757a0f",
          "title": "Mouse over feature in Cypress",
          "fullFile": "",
          "file": "",
          "beforeHooks": [],
          "afterHooks": [],
          "tests": [
            {
              "title": "Click on Sign Up link test",
              "fullTitle": "Mouse over feature in Cypress Click on Sign Up link test",
              "timedOut": null,
              "duration": 30381,
              "state": "failed",
              "speed": null,
              "pass": false,
              "fail": true,
              "pending": false,
              "context": null,
              "code": "cy.visit(\"https://www.spicejet.com/\", {\n  failOnStatusCode: false\n});\ncy.contains('Login / Signup').trigger('mouseover');\ncy.contains(\"SpiceClub Members\").trigger(\"mouseover\");\ncy.contains(\"Sign up\").click();",
              "err": {
                "message": "AssertionError: Timed out retrying after 10000ms: Expected to find content: 'Login / Signup' but never did.",
                "estack": "AssertionError: Timed out retrying after 10000ms: Expected to find content: 'Login / Signup' but never did.\n    at Context.eval (https://beta.spicejet.com/__cypress/tests?p=cypress\\integration\\mytests\\mouse_over.test.js:104:8)",
                "diff": null
              },
              "uuid": "191d95b9-1dad-4290-adc7-03b108e4e273",
              "parentUUID": "8c7365b6-41c7-4075-a66f-934bbe757a0f",
              "isHook": false,
              "skipped": false
            },
            {
              "title": "Click on Member login link test",
              "fullTitle": "Mouse over feature in Cypress Click on Member login link test",
              "timedOut": null,
              "duration": 26707,
              "state": "failed",
              "speed": null,
              "pass": false,
              "fail": true,
              "pending": false,
              "context": null,
              "code": "cy.visit(\"https://www.spicejet.com/\", {\n  failOnStatusCode: false\n});\ncy.contains('Login / Signup').trigger('mouseover');\ncy.contains(\"SpiceClub Members\").trigger(\"mouseover\");\ncy.contains(\"Member Login\").click();",
              "err": {
                "message": "AssertionError: Timed out retrying after 10000ms: Expected to find content: 'Login / Signup' but never did.",
                "estack": "AssertionError: Timed out retrying after 10000ms: Expected to find content: 'Login / Signup' but never did.\n    at Context.eval (https://beta.spicejet.com/__cypress/tests?p=cypress\\integration\\mytests\\mouse_over.test.js:112:8)",
                "diff": null
              },
              "uuid": "c6c41931-d0c3-41f9-a722-1ef7ca8485c5",
              "parentUUID": "8c7365b6-41c7-4075-a66f-934bbe757a0f",
              "isHook": false,
              "skipped": false
            },
            {
              "title": "Add to Cart tests ",
              "fullTitle": "Mouse over feature in Cypress Add to Cart tests ",
              "timedOut": null,
              "duration": 35490,
              "state": "passed",
              "speed": "slow",
              "pass": true,
              "fail": false,
              "pending": false,
              "context": null,
              "code": "cy.visit(\"http://www.automationpractice.com/index.php\", {\n  failOnStatusCode: false\n});\ncy.get('.ajax_add_to_cart_button').first().click();\ncy.get(\".cross\").click();\ncy.wait(3000);\ncy.get(\".cart_block\").should(\"be.hidden\").invoke(\"show\");\ncy.get(\"#button_order_cart\").click();\ncy.url().should(\"include\", \"controller=order\");",
              "err": {},
              "uuid": "636f5d91-030c-4149-93fb-e10036398487",
              "parentUUID": "8c7365b6-41c7-4075-a66f-934bbe757a0f",
              "isHook": false,
              "skipped": false
            }
          ],
          "suites": [],
          "passes": [
            "636f5d91-030c-4149-93fb-e10036398487"
          ],
          "failures": [
            "191d95b9-1dad-4290-adc7-03b108e4e273",
            "c6c41931-d0c3-41f9-a722-1ef7ca8485c5"
          ],
          "pending": [],
          "skipped": [],
          "duration": 92578,
          "root": false,
          "rootEmpty": false,
          "_timeout": 2000
        }
      ],
      "passes": [],
      "failures": [],
      "pending": [],
      "skipped": [],
      "duration": 0,
      "root": true,
      "rootEmpty": true,
      "_timeout": 2000
    }
  ],
  "meta": {
    "mocha": {
      "version": "7.0.1"
    },
    "mochawesome": {
      "options": {
        "quiet": false,
        "reportFilename": "mochawesome",
        "saveHtml": false,
        "saveJson": true,
        "consoleReporter": "spec",
        "useInlineDiffs": false,
        "code": true
      },
      "version": "6.3.0"
    },
    "marge": {
      "options": {
        "id": "default",
        "reportDir": "cypress/reports/mochawesome",
        "quite": true,
        "overwrite": false,
        "html": false,
        "json": true
      },
      "version": "5.2.0"
    }
  }
}