{
  "stats": {
    "suites": 1,
    "tests": 2,
    "passes": 2,
    "pending": 0,
    "failures": 0,
    "start": "2021-10-04T17:16:04.936Z",
    "end": "2021-10-04T17:20:20.742Z",
    "duration": 255806,
    "testsRegistered": 2,
    "passPercent": 100,
    "pendingPercent": 0,
    "other": 0,
    "hasOther": false,
    "skipped": 0,
    "hasSkipped": false
  },
  "results": [
    {
      "uuid": "1cb14256-cc58-44af-be8d-0db1955f7e18",
      "title": "",
      "fullFile": "cypress/integration/mytests/checkboxes.tests.js",
      "file": "cypress/integration/mytests/checkboxes.tests.js",
      "beforeHooks": [],
      "afterHooks": [],
      "tests": [],
      "suites": [
        {
          "uuid": "5caba3d3-e3b0-44ed-9a99-6c2801ff4695",
          "title": "Category page tests",
          "fullFile": "",
          "file": "",
          "beforeHooks": [],
          "afterHooks": [],
          "tests": [
            {
              "title": "Category page - Automationpractice",
              "fullTitle": "Category page tests Category page - Automationpractice",
              "timedOut": null,
              "duration": 112287,
              "state": "passed",
              "speed": "slow",
              "pass": true,
              "fail": false,
              "pending": false,
              "context": null,
              "code": "cy.visit(\"http://www.automationpractice.com/index.php\");\ncy.title().should('eq', 'My Store');\ncy.get(\".sf-with-ul\").first().click(); //to check all checkboxes and verify them  \n//cy.get(\".checkbox\").check().should(\"have.class\",\"checked\")\n//check the checkboxes and verify them using parent\ncy.get(\".checkbox\").check().parent().should(\"have.class\", \"checked\"); //uncheck the checkboxes and verify them  \ncy.wait(5000);\ncy.get(\".checkbox\").uncheck().parent().should(\"not.have.class\", \"checked\");",
              "err": {},
              "uuid": "43d04f9b-3535-45bf-b4a1-47cba9aaf0f7",
              "parentUUID": "5caba3d3-e3b0-44ed-9a99-6c2801ff4695",
              "isHook": false,
              "skipped": false
            },
            {
              "title": "Snapdeal page - filter checkbox test",
              "fullTitle": "Category page tests Snapdeal page - filter checkbox test",
              "timedOut": null,
              "duration": 95535,
              "state": "passed",
              "speed": "slow",
              "pass": true,
              "fail": false,
              "pending": false,
              "context": null,
              "code": "cy.visit(\"http://www.snapdeal.com/\");\ncy.get(\"#inputValEnter\").type(\"Laptop\");\ncy.contains('Search').click(); //Checking the checkboxes\ncy.get(\"[data-displayname='Brand'] > .filter-content >  .filter-inner >:nth-child(n) > input\").check({\n  force: true\n});\ncy.get(\"[data-displayname='Brand'] > .filter-content >  .filter-inner >:nth-child(n) > input\").should(\"have.checked\", \"checked\"); //Un-checking the checkboxes\ncy.get(\"[data-displayname='Brand'] > .filter-content >  .filter-inner >:nth-child(n) > input\").uncheck({\n  force: true\n});\ncy.get(\"[data-displayname='Brand'] > .filter-content >  .filter-inner >:nth-child(n) > input\").should(\"not.have.checked\", \"checked\");",
              "err": {},
              "uuid": "901cf691-57e4-4ca1-b600-3ae1316e47d0",
              "parentUUID": "5caba3d3-e3b0-44ed-9a99-6c2801ff4695",
              "isHook": false,
              "skipped": false
            }
          ],
          "suites": [],
          "passes": [
            "43d04f9b-3535-45bf-b4a1-47cba9aaf0f7",
            "901cf691-57e4-4ca1-b600-3ae1316e47d0"
          ],
          "failures": [],
          "pending": [],
          "skipped": [],
          "duration": 207822,
          "root": false,
          "rootEmpty": false,
          "_timeout": 2000
        }
      ],
      "passes": [],
      "failures": [],
      "pending": [],
      "skipped": [],
      "duration": 0,
      "root": true,
      "rootEmpty": true,
      "_timeout": 2000
    }
  ],
  "meta": {
    "mocha": {
      "version": "7.0.1"
    },
    "mochawesome": {
      "options": {
        "quiet": false,
        "reportFilename": "mochawesome",
        "saveHtml": false,
        "saveJson": true,
        "consoleReporter": "spec",
        "useInlineDiffs": false,
        "code": true
      },
      "version": "6.3.0"
    },
    "marge": {
      "options": {
        "id": "default",
        "reportDir": "cypress/reports/mochawesome",
        "quite": true,
        "overwrite": false,
        "html": false,
        "json": true
      },
      "version": "5.2.0"
    }
  }
}